<?xml version="1.0" encoding="UTF-8"?>
<!-- Generated by org.testng.reporters.JUnitXMLReporter -->
<testsuite hostname="DESKTOP-FQJ8T38" ignored="0" name="Test" tests="1" failures="1" timestamp="14 Apr 2021 11:42:16 GMT" time="78.641" errors="0">
  <testcase name="searchFlights" time="78.424" classname="TestCases.SearchFlights">
    <failure type="java.lang.IndexOutOfBoundsException" message="Index: 65, Size: 65">
      <![CDATA[java.lang.IndexOutOfBoundsException: Index: 65, Size: 65
at java.util.ArrayList.rangeCheck(ArrayList.java:638)
at java.util.ArrayList.get(ArrayList.java:414)
at org.openqa.selenium.support.pagefactory.internal.LocatingElementListHandler.invoke(LocatingElementListHandler.java:39)
at com.sun.proxy.$Proxy9.get(Unknown Source)
at PageObjectClasses.SearchFlightPOM.getFaredetails(SearchFlightPOM.java:139)
at TestCases.SearchFlights.searchFlights(SearchFlights.java:24)
... Removed 28 stack frames]]>
    </failure>
  </testcase> <!-- searchFlights -->
</testsuite> <!-- Test -->
